Performing C SOURCE FILE Test C_SUPPORTS_STD_GNU18 failed with the following output:
Change Dir: /home/harsh/development/ShiftLight/stlink/CMakeFiles/CMakeTmp

Run Build Command:"/usr/bin/make" "cmTC_2a07b/fast"
/usr/bin/make -f CMakeFiles/cmTC_2a07b.dir/build.make CMakeFiles/cmTC_2a07b.dir/build
make[1]: Entering directory '/home/harsh/development/ShiftLight/stlink/CMakeFiles/CMakeTmp'
Building C object CMakeFiles/cmTC_2a07b.dir/src.c.o
/usr/bin/cc   -std=gnu11 -DC_SUPPORTS_STD_GNU18   -std=gnu18 -o CMakeFiles/cmTC_2a07b.dir/src.c.o   -c /home/harsh/development/ShiftLight/stlink/CMakeFiles/CMakeTmp/src.c
cc: error: unrecognized command line option '-std=gnu18'; did you mean '-std=gnu11'?
CMakeFiles/cmTC_2a07b.dir/build.make:65: recipe for target 'CMakeFiles/cmTC_2a07b.dir/src.c.o' failed
make[1]: *** [CMakeFiles/cmTC_2a07b.dir/src.c.o] Error 1
make[1]: Leaving directory '/home/harsh/development/ShiftLight/stlink/CMakeFiles/CMakeTmp'
Makefile:126: recipe for target 'cmTC_2a07b/fast' failed
make: *** [cmTC_2a07b/fast] Error 2

Source file was:
int main(void) { return 0; }
Performing C SOURCE FILE Test C_SUPPORTS_WMISSING_VARIABLE_DECLARATIONS failed with the following output:
Change Dir: /home/harsh/development/ShiftLight/stlink/CMakeFiles/CMakeTmp

Run Build Command:"/usr/bin/make" "cmTC_7655b/fast"
/usr/bin/make -f CMakeFiles/cmTC_7655b.dir/build.make CMakeFiles/cmTC_7655b.dir/build
make[1]: Entering directory '/home/harsh/development/ShiftLight/stlink/CMakeFiles/CMakeTmp'
Building C object CMakeFiles/cmTC_7655b.dir/src.c.o
/usr/bin/cc   -std=gnu11 -Wall -Wextra -Wshadow -D_FORTIFY_SOURCE=2 -fstrict-aliasing -Wundef -Wformat -Wformat-security -Wmaybe-uninitialized -DC_SUPPORTS_WMISSING_VARIABLE_DECLARATIONS   -Wmissing-variable-declarations -o CMakeFiles/cmTC_7655b.dir/src.c.o   -c /home/harsh/development/ShiftLight/stlink/CMakeFiles/CMakeTmp/src.c
cc: error: unrecognized command line option '-Wmissing-variable-declarations'; did you mean '-Wmissing-declarations'?
CMakeFiles/cmTC_7655b.dir/build.make:65: recipe for target 'CMakeFiles/cmTC_7655b.dir/src.c.o' failed
make[1]: *** [CMakeFiles/cmTC_7655b.dir/src.c.o] Error 1
make[1]: Leaving directory '/home/harsh/development/ShiftLight/stlink/CMakeFiles/CMakeTmp'
Makefile:126: recipe for target 'cmTC_7655b/fast' failed
make: *** [cmTC_7655b/fast] Error 2

Source file was:
int main(void) { return 0; }
Performing C SOURCE FILE Test C_SUPPORTS_WSHORTEN_64_TO_32 failed with the following output:
Change Dir: /home/harsh/development/ShiftLight/stlink/CMakeFiles/CMakeTmp

Run Build Command:"/usr/bin/make" "cmTC_d1aac/fast"
/usr/bin/make -f CMakeFiles/cmTC_d1aac.dir/build.make CMakeFiles/cmTC_d1aac.dir/build
make[1]: Entering directory '/home/harsh/development/ShiftLight/stlink/CMakeFiles/CMakeTmp'
Building C object CMakeFiles/cmTC_d1aac.dir/src.c.o
/usr/bin/cc   -std=gnu11 -Wall -Wextra -Wshadow -D_FORTIFY_SOURCE=2 -fstrict-aliasing -Wundef -Wformat -Wformat-security -Wmaybe-uninitialized -DC_SUPPORTS_WSHORTEN_64_TO_32   -Wshorten-64-to-32 -o CMakeFiles/cmTC_d1aac.dir/src.c.o   -c /home/harsh/development/ShiftLight/stlink/CMakeFiles/CMakeTmp/src.c
cc: error: unrecognized command line option '-Wshorten-64-to-32'
CMakeFiles/cmTC_d1aac.dir/build.make:65: recipe for target 'CMakeFiles/cmTC_d1aac.dir/src.c.o' failed
make[1]: *** [CMakeFiles/cmTC_d1aac.dir/src.c.o] Error 1
make[1]: Leaving directory '/home/harsh/development/ShiftLight/stlink/CMakeFiles/CMakeTmp'
Makefile:126: recipe for target 'cmTC_d1aac/fast' failed
make: *** [cmTC_d1aac/fast] Error 2

Source file was:
int main(void) { return 0; }
Determining if the function __stack_chk_fail exists in the ssp failed with the following output:
Change Dir: /home/harsh/development/ShiftLight/stlink/CMakeFiles/CMakeTmp

Run Build Command:"/usr/bin/make" "cmTC_2e0db/fast"
/usr/bin/make -f CMakeFiles/cmTC_2e0db.dir/build.make CMakeFiles/cmTC_2e0db.dir/build
make[1]: Entering directory '/home/harsh/development/ShiftLight/stlink/CMakeFiles/CMakeTmp'
Building C object CMakeFiles/cmTC_2e0db.dir/CheckFunctionExists.c.o
/usr/bin/cc   -std=gnu11 -Wall -Wextra -Wshadow -D_FORTIFY_SOURCE=2 -fstrict-aliasing -Wundef -Wformat -Wformat-security -Wmaybe-uninitialized -Wimplicit-function-declaration -Wredundant-decls -fPIC -O2 -Werror -DCHECK_FUNCTION_EXISTS=__stack_chk_fail   -o CMakeFiles/cmTC_2e0db.dir/CheckFunctionExists.c.o   -c /usr/share/cmake-3.10/Modules/CheckFunctionExists.c
Linking C executable cmTC_2e0db
/usr/bin/cmake -E cmake_link_script CMakeFiles/cmTC_2e0db.dir/link.txt --verbose=1
/usr/bin/cc  -std=gnu11 -Wall -Wextra -Wshadow -D_FORTIFY_SOURCE=2 -fstrict-aliasing -Wundef -Wformat -Wformat-security -Wmaybe-uninitialized -Wimplicit-function-declaration -Wredundant-decls -fPIC -O2 -Werror -DCHECK_FUNCTION_EXISTS=__stack_chk_fail    CMakeFiles/cmTC_2e0db.dir/CheckFunctionExists.c.o  -o cmTC_2e0db -lssp 
/usr/bin/ld: cannot find -lssp
collect2: error: ld returned 1 exit status
CMakeFiles/cmTC_2e0db.dir/build.make:97: recipe for target 'cmTC_2e0db' failed
make[1]: *** [cmTC_2e0db] Error 1
make[1]: Leaving directory '/home/harsh/development/ShiftLight/stlink/CMakeFiles/CMakeTmp'
Makefile:126: recipe for target 'cmTC_2e0db/fast' failed
make: *** [cmTC_2e0db/fast] Error 2


